accountsservice					install
acl						install
adduser						install
adwaita-icon-theme				install
aglfn						install
aisleriot					install
alsa-utils					install
anacron						install
apache2						install
apache2-bin					install
apache2-data					install
apache2-utils					install
apg						install
apparmor					install
appstream					install
apt						install
apt-config-icons				install
apt-file					install
apt-listchanges					install
apt-transport-https				install
apt-utils					install
aptitude					install
aptitude-common					install
argyll						install
argyll-ref					install
aspell						install
aspell-en					install
asymptote					install
asymptote-doc					install
at-spi2-core					install
atom						install
avahi-autoipd					install
avahi-daemon					install
baobab						install
base-files					install
base-passwd					install
bash						install
bash-completion					install
bc						install
biber						install
bind9-host					install
binfmt-support					install
binutils					install
binutils-common:amd64				install
binutils-x86-64-linux-gnu			install
blueman						install
bluetooth					install
bluez						install
bluez-cups					install
bluez-hcidump					install
bluez-obexd					install
bluez-test-scripts				install
bluez-test-tools				install
bluez-tools					install
bogofilter					install
bogofilter-bdb					install
bogofilter-common				install
bolt						install
brasero-common					install
bsdmainutils					install
bsdutils					install
btscanner					install
bubblewrap					install
build-essential					install
busybox						install
bzip2						install
ca-certificates					install
ca-certificates-mono				install
cabextract					install
caribou						install
ccrypt						install
cdrdao						install
cheese						install
cheese-common					install
chktex						install
chrome-gnome-shell				install
cli-common					install
clipit						install
cm-super					install
cm-super-minimal				install
code						install
coinor-libcbc3					install
coinor-libcgl1					install
coinor-libclp1					install
coinor-libcoinmp1v5:amd64			install
coinor-libcoinutils3v5				install
coinor-libosi1v5				install
colord						install
colord-data					install
command-not-found				install
console-setup					install
console-setup-linux				install
context						install
context-modules					install
coreutils					install
cpio						install
cpp						install
cpp-8						install
cracklib-runtime				install
crda						install
cron						install
cups						install
cups-browsed					install
cups-bsd					install
cups-client					install
cups-common					install
cups-core-drivers				install
cups-daemon					install
cups-filters					install
cups-filters-core-drivers			install
cups-ipp-utils					install
cups-pk-helper					install
cups-ppdc					install
cups-server-common				install
curl						install
dash						install
dbus						install
dbus-user-session				install
dbus-x11					install
dc						install
dconf-cli					install
dconf-editor					install
dconf-gsettings-backend:amd64			install
dconf-service					install
debconf						install
debconf-i18n					install
debian-archive-keyring				install
debian-faq					install
debianutils					install
debugedit					install
desktop-base					install
desktop-file-utils				install
dialog						install
dictionaries-common				install
diffutils					install
dirmngr						install
discover					install
discover-data					install
distro-info-data				install
dleyna-server					install
dmidecode					install
dmsetup						install
dns-root-data					install
dnsmasq-base					install
doc-debian					install
dosfstools					install
dpkg						install
dpkg-dev					install
dvidvi						install
dvipng						install
e2fsprogs					install
eject						install
emacs-bin-common				install
emacs-common					install
emacs-el					install
emacs-gtk					install
emacsen-common					install
enchant						install
eog						install
espeak-ng-data:amd64				install
ethtool						install
evince						install
evince-common					install
evolution					install
evolution-common				install
evolution-data-server				install
evolution-data-server-common			install
evolution-plugin-bogofilter			install
evolution-plugin-pstimport			install
evolution-plugins				install
exfat-fuse					install
exfat-utils					install
fakeroot					install
fdisk						install
feynmf						install
file						install
file-roller					install
findutils					install
firefox-esr					install
firmware-atheros				install
firmware-linux-free				install
firmware-realtek				install
five-or-more					install
flatpak						install
fluid-soundfont-gm				install
fluid-soundfont-gs				install
folks-common					install
fontconfig					install
fontconfig-config				install
fonts-adf-accanthis				install
fonts-adf-berenis				install
fonts-adf-gillius				install
fonts-adf-universalis				install
fonts-arphic-bkai00mp				install
fonts-arphic-bsmi00lp				install
fonts-arphic-gbsn00lp				install
fonts-arphic-gkai00mp				install
fonts-baekmuk					install
fonts-cabin					install
fonts-cantarell					install
fonts-comfortaa					install
fonts-croscore					install
fonts-crosextra-caladea				install
fonts-crosextra-carlito				install
fonts-dejavu					install
fonts-dejavu-core				install
fonts-dejavu-extra				install
fonts-droid-fallback				install
fonts-ebgaramond				install
fonts-ebgaramond-extra				install
fonts-font-awesome				install
fonts-freefont-otf				install
fonts-freefont-ttf				install
fonts-gfs-artemisia				install
fonts-gfs-baskerville				install
fonts-gfs-bodoni-classic			install
fonts-gfs-complutum				install
fonts-gfs-didot					install
fonts-gfs-didot-classic				install
fonts-gfs-gazis					install
fonts-gfs-neohellenic				install
fonts-gfs-olga					install
fonts-gfs-porson				install
fonts-gfs-solomos				install
fonts-gfs-theokritos				install
fonts-go					install
fonts-hosny-amiri				install
fonts-ipaexfont-gothic				install
fonts-ipaexfont-mincho				install
fonts-ipafont-gothic				install
fonts-ipafont-mincho				install
fonts-junicode					install
fonts-lato					install
fonts-liberation				install
fonts-liberation2				install
fonts-linuxlibertine				install
fonts-lmodern					install
fonts-lobster					install
fonts-lobstertwo				install
fonts-noto-color-emoji				install
fonts-noto-core					install
fonts-noto-hinted				install
fonts-noto-mono					install
fonts-noto-ui-core				install
fonts-oflb-asana-math				install
fonts-open-sans					install
fonts-opensymbol				install
fonts-quicksand					install
fonts-roboto-unhinted				install
fonts-sil-gentium				install
fonts-sil-gentium-basic				install
fonts-sil-gentiumplus				install
fonts-sil-gentiumplus-compact			install
fonts-sil-padauk				install
fonts-stix					install
fonts-texgyre					install
fonts-tlwg-garuda				install
fonts-tlwg-garuda-otf				install
fonts-tlwg-kinnari				install
fonts-tlwg-kinnari-otf				install
fonts-tlwg-laksaman				install
fonts-tlwg-laksaman-otf				install
fonts-tlwg-loma					install
fonts-tlwg-loma-otf				install
fonts-tlwg-mono					install
fonts-tlwg-mono-otf				install
fonts-tlwg-norasi				install
fonts-tlwg-norasi-otf				install
fonts-tlwg-purisa				install
fonts-tlwg-purisa-otf				install
fonts-tlwg-sawasdee				install
fonts-tlwg-sawasdee-otf				install
fonts-tlwg-typewriter				install
fonts-tlwg-typewriter-otf			install
fonts-tlwg-typist				install
fonts-tlwg-typist-otf				install
fonts-tlwg-typo					install
fonts-tlwg-typo-otf				install
fonts-tlwg-umpush				install
fonts-tlwg-umpush-otf				install
fonts-tlwg-waree				install
fonts-tlwg-waree-otf				install
fonts-unfonts-core				install
fonts-unfonts-extra				install
fonts-wine					install
foomatic-db-compressed-ppds			install
foomatic-db-engine				install
four-in-a-row					install
fragmaster					install
freeglut3:amd64					install
fuse						install
fwupd						install
fwupd-amd64-signed				install
g++						install
g++-8						install
gcc						install
gcc-8						install
gcc-8-base:amd64				install
gcc-8-base:i386					install
gconf-service					install
gconf2-common					install
gcr						install
gdbm-l10n					install
gdisk						install
gdm3						install
gedit						install
gedit-common					install
gedit-plugin-bookmarks				install
gedit-plugin-bracket-completion			install
gedit-plugin-character-map			install
gedit-plugin-code-comment			install
gedit-plugin-color-picker			install
gedit-plugin-color-schemer			install
gedit-plugin-commander				install
gedit-plugin-draw-spaces			install
gedit-plugin-find-in-files			install
gedit-plugin-git				install
gedit-plugin-join-lines				install
gedit-plugin-multi-edit				install
gedit-plugin-smart-spaces			install
gedit-plugin-synctex				install
gedit-plugin-terminal				install
gedit-plugin-translate				install
gedit-plugin-word-completion			install
gedit-plugin-zeitgeist				install
gedit-plugins					install
gedit-plugins-common				install
geoclue-2.0					install
geoip-database					install
gettext-base					install
ghostscript					install
giblib1:amd64					install
gir1.2-accountsservice-1.0			install
gir1.2-appindicator3-0.1:amd64			install
gir1.2-atk-1.0:amd64				install
gir1.2-atspi-2.0:amd64				install
gir1.2-caribou-1.0				install
gir1.2-champlain-0.12:amd64			install
gir1.2-clutter-1.0:amd64			install
gir1.2-clutter-gst-3.0:amd64			install
gir1.2-cogl-1.0:amd64				install
gir1.2-coglpango-1.0:amd64			install
gir1.2-dazzle-1.0:amd64				install
gir1.2-evince-3.0:amd64				install
gir1.2-freedesktop:amd64			install
gir1.2-gck-1:amd64				install
gir1.2-gcr-3:amd64				install
gir1.2-gdata-0.0:amd64				install
gir1.2-gdesktopenums-3.0:amd64			install
gir1.2-gdkpixbuf-2.0:amd64			install
gir1.2-gdm-1.0:amd64				install
gir1.2-geoclue-2.0:amd64			install
gir1.2-geocodeglib-1.0:amd64			install
gir1.2-gfbgraph-0.2:amd64			install
gir1.2-ggit-1.0:amd64				install
gir1.2-glib-2.0:amd64				install
gir1.2-gmenu-3.0:amd64				install
gir1.2-gnomebluetooth-1.0:amd64			install
gir1.2-gnomedesktop-3.0:amd64			install
gir1.2-goa-1.0:amd64				install
gir1.2-grilo-0.3:amd64				install
gir1.2-gst-plugins-base-1.0:amd64		install
gir1.2-gstreamer-1.0:amd64			install
gir1.2-gtk-3.0:amd64				install
gir1.2-gtkchamplain-0.12:amd64			install
gir1.2-gtkclutter-1.0:amd64			install
gir1.2-gtksource-3.0:amd64			install
gir1.2-gucharmap-2.90:amd64			install
gir1.2-gweather-3.0:amd64			install
gir1.2-ibus-1.0:amd64				install
gir1.2-javascriptcoregtk-4.0:amd64		install
gir1.2-json-1.0:amd64				install
gir1.2-keybinder-3.0				install
gir1.2-lokdocview-0.1				install
gir1.2-mediaart-2.0:amd64			install
gir1.2-mutter-3:amd64				install
gir1.2-nm-1.0:amd64				install
gir1.2-nma-1.0:amd64				install
gir1.2-notify-0.7:amd64				install
gir1.2-packagekitglib-1.0			install
gir1.2-pango-1.0:amd64				install
gir1.2-peas-1.0:amd64				install
gir1.2-polkit-1.0				install
gir1.2-rb-3.0:amd64				install
gir1.2-rest-0.7					install
gir1.2-rsvg-2.0:amd64				install
gir1.2-secret-1:amd64				install
gir1.2-soup-2.4:amd64				install
gir1.2-totem-1.0:amd64				install
gir1.2-totemplparser-1.0:amd64			install
gir1.2-tracker-2.0:amd64			install
gir1.2-upowerglib-1.0:amd64			install
gir1.2-vte-2.91:amd64				install
gir1.2-webkit2-4.0:amd64			install
gir1.2-wnck-3.0:amd64				install
gir1.2-zpj-0.0:amd64				install
git						install
git-man						install
gjs						install
gkbd-capplet					install
glib-networking:amd64				install
glib-networking-common				install
glib-networking-services			install
gnome						install
gnome-accessibility-themes			install
gnome-backgrounds				install
gnome-bluetooth					install
gnome-calculator				install
gnome-calendar					install
gnome-characters				install
gnome-chess					install
gnome-clocks					install
gnome-color-manager				install
gnome-contacts					install
gnome-control-center				install
gnome-control-center-data			install
gnome-core					install
gnome-desktop3-data				install
gnome-disk-utility				install
gnome-documents					install
gnome-font-viewer				install
gnome-games					install
gnome-getting-started-docs			install
gnome-icon-theme				install
gnome-keyring					install
gnome-keyring-pkcs11:amd64			install
gnome-klotski					install
gnome-logs					install
gnome-mahjongg					install
gnome-maps					install
gnome-menus					install
gnome-mines					install
gnome-music					install
gnome-nibbles					install
gnome-online-accounts				install
gnome-online-miners				install
gnome-robots					install
gnome-screenshot				install
gnome-session					install
gnome-session-bin				install
gnome-session-canberra				install
gnome-session-common				install
gnome-settings-daemon				install
gnome-settings-daemon-common			install
gnome-shell					install
gnome-shell-common				install
gnome-shell-extensions				install
gnome-software					install
gnome-software-common				install
gnome-sound-recorder				install
gnome-sudoku					install
gnome-sushi					install
gnome-system-monitor				install
gnome-system-tools				install
gnome-taquin					install
gnome-terminal					install
gnome-terminal-data				install
gnome-tetravex					install
gnome-themes-extra:amd64			install
gnome-themes-extra-data				install
gnome-todo					install
gnome-todo-common				install
gnome-tweak-tool				install
gnome-tweaks					install
gnome-user-docs					install
gnome-user-share				install
gnome-video-effects				install
gnome-weather					install
gnupg						install
gnupg-l10n					install
gnupg-utils					install
gnupg2						install
gnustep-base-common				install
gnustep-base-runtime				install
gnustep-common					install
google-chrome-stable				install
gpg						install
gpg-agent					install
gpg-wks-client					install
gpg-wks-server					install
gpgconf						install
gpgsm						install
gpgv						install
gpicview					install
grep						install
grilo-plugins-0.3:amd64				install
groff-base					install
grub-common					install
grub-pc						install
grub-pc-bin					install
grub2-common					install
gsettings-desktop-schemas			install
gsfonts						install
gstreamer1.0-clutter-3.0:amd64			install
gstreamer1.0-gl:amd64				install
gstreamer1.0-gtk3:amd64				install
gstreamer1.0-libav:amd64			install
gstreamer1.0-packagekit				install
gstreamer1.0-plugins-bad:amd64			install
gstreamer1.0-plugins-base:amd64			install
gstreamer1.0-plugins-base:i386			install
gstreamer1.0-plugins-good:amd64			install
gstreamer1.0-plugins-ugly:amd64			install
gstreamer1.0-pulseaudio:amd64			install
gstreamer1.0-x:amd64				install
gtk-recordmydesktop				install
gtk-update-icon-cache				install
gtk2-engines:amd64				install
gtk2-engines-pixbuf:amd64			install
gucharmap					install
guile-2.2-libs:amd64				install
gvfs:amd64					install
gvfs-backends					install
gvfs-common					install
gvfs-daemons					install
gvfs-fuse					install
gvfs-libs:amd64					install
gyp						install
gzip						install
hdparm						install
hicolor-icon-theme				install
hitori						install
hoichess					install
hostname					install
hp-ppd						install
hplip						install
hplip-data					install
html-xml-utils					install
httpie						install
hunspell-en-us					install
hyphen-en-us					install
i2c-tools					install
i965-va-driver:amd64				install
i965-va-driver:i386				install
iagno						install
iamerican					install
ibritish					install
ibus						install
ibus-clutter:amd64				install
ibus-gtk:amd64					install
ibus-gtk3:amd64					install
icoutils					install
icu-devtools					install
ieee-data					install
ienglish-common					install
ifupdown					install
iio-sensor-proxy				install
im-config					install
imagemagick					install
imagemagick-6-common				install
imagemagick-6.q16				install
info						install
init						install
init-system-helpers				install
initramfs-tools					install
initramfs-tools-core				install
install-info					install
installation-report				install
intel-media-va-driver:amd64			install
intel-media-va-driver:i386			install
iproute2					install
iptables					install
iputils-ping					install
isc-dhcp-client					install
isc-dhcp-common					install
iso-codes					install
ispell						install
iw						install
javascript-common				install
jmtpfs						install
jq						install
kazam						install
kbd						install
keyboard-configuration				install
keyutils					install
klibc-utils					install
kmod						install
krb5-locales					install
lacheck						install
laptop-detect					install
latex-cjk-all					install
latex-cjk-chinese				install
latex-cjk-chinese-arphic-bkai00mp		install
latex-cjk-chinese-arphic-bsmi00lp		install
latex-cjk-chinese-arphic-gbsn00lp		install
latex-cjk-chinese-arphic-gkai00mp		install
latex-cjk-common				install
latex-cjk-japanese				install
latex-cjk-japanese-wadalab			install
latex-cjk-korean				install
latex-cjk-thai					install
latexdiff					install
latexmk						install
lcdf-typetools					install
less						install
liba52-0.7.4:amd64				install
libaa1:amd64					install
libaacs0:amd64					install
libabw-0.1-1:amd64				install
libaccountsservice0:amd64			install
libacl1:amd64					install
libalgorithm-c3-perl				install
libalgorithm-diff-perl				install
libalgorithm-diff-xs-perl			install
libalgorithm-merge-perl				install
libao-common					install
libao4:amd64					install
libaom0:amd64					install
libaom0:i386					install
libapache2-mod-dnssd				install
libapparmor1:amd64				install
libappindicator3-1:amd64			install
libappstream-glib8:amd64			install
libappstream4:amd64				install
libapr1:amd64					install
libaprutil1:amd64				install
libaprutil1-dbd-sqlite3:amd64			install
libaprutil1-ldap:amd64				install
libapt-inst2.0:amd64				install
libapt-pkg-perl					install
libapt-pkg5.0:amd64				install
libarchive13:amd64				install
libargon2-1:amd64				install
libaribb24-0:amd64				install
libasan5:amd64					install
libasound2:amd64				install
libasound2:i386					install
libasound2-data					install
libasound2-plugins:amd64			install
libasound2-plugins:i386				install
libaspell15:amd64				install
libass9:amd64					install
libassuan0:amd64				install
libasyncns0:amd64				install
libasyncns0:i386				install
libatasmart4:amd64				install
libatk-adaptor:amd64				install
libatk-bridge2.0-0:amd64			install
libatk1.0-0:amd64				install
libatk1.0-data					install
libatkmm-1.6-1v5:amd64				install
libatomic1:amd64				install
libatomic1:i386					install
libatspi2.0-0:amd64				install
libattr1:amd64					install
libaudio2:amd64					install
libaudit-common					install
libaudit1:amd64					install
libauthen-sasl-perl				install
libautovivification-perl			install
libavahi-client3:amd64				install
libavahi-client3:i386				install
libavahi-common-data:amd64			install
libavahi-common-data:i386			install
libavahi-common3:amd64				install
libavahi-common3:i386				install
libavahi-core7:amd64				install
libavahi-glib1:amd64				install
libavahi-gobject0:amd64				install
libavahi-ui-gtk3-0:amd64			install
libavc1394-0:amd64				install
libavcodec58:amd64				install
libavcodec58:i386				install
libavfilter7:amd64				install
libavformat58:amd64				install
libavresample4:amd64				install
libavresample4:i386				install
libavutil56:amd64				install
libavutil56:i386				install
libayatana-appindicator3-1			install
libayatana-ido3-0.4-0:amd64			install
libayatana-indicator3-7:amd64			install
libb-hooks-endofscope-perl			install
libb-hooks-op-check-perl			install
libbasicusageenvironment1:amd64			install
libbdplus0:amd64				install
libbind9-161:amd64				install
libbinutils:amd64				install
libblas3:amd64					install
libblkid-dev:amd64				install
libblkid1:amd64					install
libblkid1:i386					install
libblockdev-crypto2:amd64			install
libblockdev-fs2:amd64				install
libblockdev-loop2:amd64				install
libblockdev-part-err2:amd64			install
libblockdev-part2:amd64				install
libblockdev-swap2:amd64				install
libblockdev-utils2:amd64			install
libblockdev2:amd64				install
libbluetooth3:amd64				install
libbluray2:amd64				install
libboost-atomic1.67.0:amd64			install
libboost-chrono1.67.0:amd64			install
libboost-date-time1.67.0:amd64			install
libboost-filesystem1.67.0:amd64			install
libboost-iostreams1.67.0:amd64			install
libboost-locale1.67.0:amd64			install
libboost-random1.67.0:amd64			install
libboost-system1.67.0:amd64			install
libboost-thread1.67.0:amd64			install
libbrasero-media3-1:amd64			install
libbrlapi0.6:amd64				install
libbrotli1:amd64				install
libbs2b0:amd64					install
libbsd0:amd64					install
libbsd0:i386					install
libbtparse1					install
libburn4:amd64					install
libbusiness-isbn-data-perl			install
libbusiness-isbn-perl				install
libbusiness-ismn-perl				install
libbusiness-issn-perl				install
libbz2-1.0:amd64				install
libc-ares2:amd64				install
libc-bin					install
libc-dev-bin					install
libc-l10n					install
libc6:amd64					install
libc6:i386					install
libc6-dev:amd64					install
libcaca0:amd64					install
libcacard0:amd64				install
libcairo-gobject-perl				install
libcairo-gobject2:amd64				install
libcairo-perl					install
libcairo2:amd64					install
libcairo2:i386					install
libcairomm-1.0-1v5:amd64			install
libcamel-1.2-62:amd64				install
libcanberra-gtk3-0:amd64			install
libcanberra-gtk3-module:amd64			install
libcanberra-pulse:amd64				install
libcanberra0:amd64				install
libcap-ng0:amd64				install
libcap2:amd64					install
libcap2:i386					install
libcap2-bin					install
libcapi20-3:amd64				install
libcapi20-3:i386				install
libcaribou-common				install
libcaribou0:amd64				install
libcc1-0:amd64					install
libcddb2					install
libcdio-cdda2:amd64				install
libcdio-paranoia2:amd64				install
libcdio18:amd64					install
libcdparanoia0:amd64				install
libcdparanoia0:i386				install
libcdr-0.1-1:amd64				install
libcgi-fast-perl				install
libcgi-pm-perl					install
libchamplain-0.12-0:amd64			install
libchamplain-gtk-0.12-0:amd64			install
libcheese-gtk25:amd64				install
libcheese8:amd64				install
libchromaprint1:amd64				install
libclass-accessor-perl				install
libclass-c3-perl				install
libclass-c3-xs-perl				install
libclass-data-inheritable-perl			install
libclass-factory-util-perl			install
libclass-inspector-perl				install
libclass-method-modifiers-perl			install
libclass-singleton-perl				install
libclass-xsaccessor-perl			install
libclucene-contribs1v5:amd64			install
libclucene-core1v5:amd64			install
libclutter-1.0-0:amd64				install
libclutter-1.0-common				install
libclutter-gst-3.0-0:amd64			install
libclutter-gtk-1.0-0:amd64			install
libclutter-imcontext-0.1-0:amd64		install
libclutter-imcontext-0.1-bin			install
libcmis-0.5-5v5					install
libcodec2-0.8.1:amd64				install
libcodec2-0.8.1:i386				install
libcogl-common					install
libcogl-pango20:amd64				install
libcogl-path20:amd64				install
libcogl20:amd64					install
libcolamd2:amd64				install
libcolord-gtk1:amd64				install
libcolord2:amd64				install
libcolorhug2:amd64				install
libcom-err2:amd64				install
libcom-err2:i386				install
libcpupower1					install
libcrack2:amd64					install
libcroco3:amd64					install
libcroco3:i386					install
libcryptsetup12:amd64				install
libcrystalhd3:amd64				install
libcrystalhd3:i386				install
libcue2:amd64					install
libcups2:amd64					install
libcups2:i386					install
libcupsfilters1:amd64				install
libcupsimage2:amd64				install
libcurl3-gnutls:amd64				install
libcurl4:amd64					install
libcwidget3v5:amd64				install
libdaemon0:amd64				install
libdata-compare-perl				install
libdata-dump-perl				install
libdata-optlist-perl				install
libdata-uniqid-perl				install
libdate-simple-perl				install
libdatetime-calendar-julian-perl		install
libdatetime-format-builder-perl			install
libdatetime-format-strptime-perl		install
libdatetime-locale-perl				install
libdatetime-perl:amd64				install
libdatetime-timezone-perl			install
libdatrie1:amd64				install
libdatrie1:i386					install
libdazzle-1.0-0:amd64				install
libdb5.3:amd64					install
libdb5.3:i386					install
libdbus-1-3:amd64				install
libdbus-1-3:i386				install
libdbus-glib-1-2:amd64				install
libdbusmenu-glib4:amd64				install
libdbusmenu-gtk3-4:amd64			install
libdc1394-22:amd64				install
libdca0:amd64					install
libdconf1:amd64					install
libde265-0:amd64				install
libdebconfclient0:amd64				install
libdevel-callchecker-perl			install
libdevel-caller-perl				install
libdevel-globaldestruction-perl			install
libdevel-lexalias-perl				install
libdevel-stacktrace-perl			install
libdevmapper1.02.1:amd64			install
libdirectfb-1.7-7:amd64				install
libdiscover2					install
libdist-checkconflicts-perl			install
libdjvulibre-text				install
libdjvulibre21:amd64				install
libdleyna-connector-dbus-1.0-1:amd64		install
libdleyna-core-1.0-3:amd64			install
libdmapsharing-3.0-2:amd64			install
libdns-export1104				install
libdns1104:amd64				install
libdotconf0:amd64				install
libdouble-conversion1:amd64			install
libdpkg-perl					install
libdrm-amdgpu1:amd64				install
libdrm-amdgpu1:i386				install
libdrm-common					install
libdrm-intel1:amd64				install
libdrm-intel1:i386				install
libdrm-nouveau2:amd64				install
libdrm-nouveau2:i386				install
libdrm-radeon1:amd64				install
libdrm-radeon1:i386				install
libdrm2:amd64					install
libdrm2:i386					install
libdv4:amd64					install
libdvbpsi10:amd64				install
libdvdnav4:amd64				install
libdvdread4:amd64				install
libdw1:amd64					install
libdynaloader-functions-perl			install
libe-book-0.1-1:amd64				install
libebackend-1.2-10:amd64			install
libebml4v5:amd64				install
libebook-1.2-19:amd64				install
libebook-contacts-1.2-2:amd64			install
libecal-1.2-19:amd64				install
libedata-book-1.2-25:amd64			install
libedata-cal-1.2-29:amd64			install
libedataserver-1.2-23:amd64			install
libedataserverui-1.2-2:amd64			install
libedit2:amd64					install
libedit2:i386					install
libefiboot1:amd64				install
libefivar1:amd64				install
libegl-mesa0:amd64				install
libegl1:amd64					install
libegl1-mesa:amd64				install
libelf1:amd64					install
libelf1:i386					install
libemail-date-format-perl			install
libemf1:amd64					install
libenca0:amd64					install
libenchant1c2a:amd64				install
libencode-eucjpms-perl				install
libencode-hanextra-perl				install
libencode-jis2k-perl				install
libencode-locale-perl				install
libeot0:amd64					install
libepoxy0:amd64					install
libepubgen-0.1-1:amd64				install
liberror-perl					install
libespeak-ng1:amd64				install
libestr0:amd64					install
libetonyek-0.1-1:amd64				install
libeval-closure-perl				install
libevdev2:amd64					install
libevdocument3-4:amd64				install
libevent-2.1-6:amd64				install
libevolution					install
libevview3-3:amd64				install
libexception-class-perl				install
libexempi8:amd64				install
libexif12:amd64					install
libexif12:i386					install
libexiv2-14:amd64				install
libexo-common					deinstall
libexpat1:amd64					install
libexpat1:i386					install
libexpat1-dev:amd64				install
libexporter-tiny-perl				install
libext2fs2:amd64				install
libexttextcat-2.0-0:amd64			install
libexttextcat-data				install
libfaad2:amd64					install
libfakeroot:amd64				install
libfastjson4:amd64				install
libfcgi-perl					install
libfdisk1:amd64					install
libffi-dev:amd64				install
libffi6:amd64					install
libffi6:i386					install
libfftw3-double3:amd64				install
libfftw3-single3:amd64				install
libfile-basedir-perl				install
libfile-desktopentry-perl			install
libfile-fcntllock-perl				install
libfile-find-rule-perl				install
libfile-homedir-perl				install
libfile-listing-perl				install
libfile-mimeinfo-perl				install
libfile-sharedir-perl				install
libfile-slurper-perl				install
libfile-which-perl				install
libflac8:amd64					install
libflac8:i386					install
libflite1:amd64					install
libfluidsynth1:amd64				install
libfm-data					install
libfm-extra4:amd64				install
libfm-gtk-data					install
libfm-gtk4:amd64				install
libfm-modules:amd64				install
libfm4:amd64					install
libfolks-eds25:amd64				install
libfolks25:amd64				install
libfont-afm-perl				install
libfontconfig1:amd64				install
libfontconfig1:i386				install
libfontembed1:amd64				install
libfontenc1:amd64				install
libfreehand-0.1-1				install
libfreerdp2-2:amd64				install
libfreetype6:amd64				install
libfreetype6:i386				install
libfribidi0:amd64				install
libfribidi0:i386				install
libfstrm0:amd64					install
libfuse2:amd64					install
libfwupd2:amd64					install
libgail-3-0:amd64				install
libgail-common:amd64				install
libgail18:amd64					install
libgarcon-common				deinstall
libgbm1:amd64					install
libgc1c2:amd64					install
libgcab-1.0-0:amd64				install
libgcc-8-dev:amd64				install
libgcc1:amd64					install
libgcc1:i386					install
libgck-1-0:amd64				install
libgconf-2-4:amd64				install
libgcr-base-3-1:amd64				install
libgcr-ui-3-1:amd64				install
libgcrypt20:amd64				install
libgcrypt20:i386				install
libgcrypt20-dev					install
libgd3:amd64					install
libgd3:i386					install
libgdata-common					install
libgdata22:amd64				install
libgdbm-compat4:amd64				install
libgdbm6:amd64					install
libgdiplus					install
libgdk-pixbuf2.0-0:amd64			install
libgdk-pixbuf2.0-0:i386				install
libgdk-pixbuf2.0-bin				install
libgdk-pixbuf2.0-common				install
libgdk-pixbuf2.0-dev:amd64			install
libgdm1						install
libgee-0.8-2:amd64				install
libgeoclue-2-0:amd64				install
libgeocode-glib0:amd64				install
libgeoip1:amd64					install
libgexiv2-2:amd64				install
libgfbgraph-0.2-0:amd64				install
libgfortran5:amd64				install
libgif7:amd64					install
libgirepository-1.0-1:amd64			install
libgit2-27:amd64				install
libgit2-glib-1.0-0:amd64			install
libgjs0g					install
libgl1:amd64					install
libgl1:i386					install
libgl1-mesa-dri:amd64				install
libgl1-mesa-dri:i386				install
libgl1-mesa-glx:amd64				install
libglade2-0:amd64				install
libglapi-mesa:amd64				install
libglapi-mesa:i386				install
libgles2:amd64					install
libglew2.1:amd64				install
libglib-object-introspection-perl		install
libglib-perl					install
libglib2.0-0:amd64				install
libglib2.0-0:i386				install
libglib2.0-bin					install
libglib2.0-data					install
libglib2.0-dev:amd64				install
libglib2.0-dev-bin				install
libglibmm-2.4-1v5:amd64				install
libglu1-mesa:amd64				install
libglu1-mesa:i386				install
libglvnd0:amd64					install
libglvnd0:i386					install
libglx-mesa0:amd64				install
libglx-mesa0:i386				install
libglx0:amd64					install
libglx0:i386					install
libgme0:amd64					install
libgmp-dev:amd64				install
libgmp10:amd64					install
libgmp10:i386					install
libgmpxx4ldbl:amd64				install
libgnome-autoar-0-0:amd64			install
libgnome-autoar-gtk-0-0:amd64			install
libgnome-bluetooth13:amd64			install
libgnome-desktop-3-17:amd64			install
libgnome-games-support-1-3:amd64		install
libgnome-games-support-common			install
libgnome-menu-3-0:amd64				install
libgnome-todo					install
libgnomekbd-common				install
libgnomekbd8:amd64				install
libgnustep-base1.26				install
libgnutls-dane0:amd64				install
libgnutls-openssl27:amd64			install
libgnutls28-dev:amd64				install
libgnutls30:amd64				install
libgnutls30:i386				install
libgnutlsxx28:amd64				install
libgoa-1.0-0b:amd64				install
libgoa-1.0-common				install
libgoa-backend-1.0-1:amd64			install
libgom-1.0-0:amd64				install
libgomp1:amd64					install
libgomp1:i386					install
libgpg-error-dev				install
libgpg-error-l10n				install
libgpg-error0:amd64				install
libgpg-error0:i386				install
libgpgme11:amd64				install
libgpgmepp6:amd64				install
libgphoto2-6:amd64				install
libgphoto2-6:i386				install
libgphoto2-l10n					install
libgphoto2-port12:amd64				install
libgphoto2-port12:i386				install
libgpm2:amd64					install
libgpm2:i386					install
libgpod-common					install
libgpod-dev					install
libgpod4:amd64					install
libgraphene-1.0-0:amd64				install
libgraphite2-3:amd64				install
libgraphite2-3:i386				install
libgrilo-0.3-0:amd64				install
libgroupsock8:amd64				install
libgs9:amd64					install
libgs9-common					install
libgsasl7					install
libgsf-1-114:amd64				install
libgsf-1-common					install
libgsf-bin					install
libgsl23:amd64					install
libgslcblas0:amd64				install
libgsm1:amd64					install
libgsm1:i386					install
libgsound0:amd64				install
libgspell-1-1:amd64				install
libgspell-1-common				install
libgssapi-krb5-2:amd64				install
libgssapi-krb5-2:i386				install
libgssdp-1.0-3:amd64				install
libgstreamer-gl1.0-0:amd64			install
libgstreamer-plugins-bad1.0-0:amd64		install
libgstreamer-plugins-base1.0-0:amd64		install
libgstreamer-plugins-base1.0-0:i386		install
libgstreamer1.0-0:amd64				install
libgstreamer1.0-0:i386				install
libgtk-3-0:amd64				install
libgtk-3-bin					install
libgtk-3-common					install
libgtk-vnc-2.0-0:amd64				install
libgtk2.0-0:amd64				install
libgtk2.0-bin					install
libgtk2.0-common				install
libgtk3-perl					install
libgtkmm-3.0-1v5:amd64				install
libgtksourceview-3.0-1:amd64			install
libgtksourceview-3.0-common			install
libgtkspell3-3-0:amd64				install
libgtop-2.0-11:amd64				install
libgtop2-common					install
libgucharmap-2-90-7:amd64			install
libgudev-1.0-0:amd64				install
libgupnp-1.0-4:amd64				install
libgupnp-av-1.0-2				install
libgupnp-dlna-2.0-3				install
libgupnp-igd-1.0-4:amd64			install
libgusb2:amd64					install
libgutenprint-common				install
libgutenprint9					install
libgvnc-1.0-0:amd64				install
libgweather-3-15:amd64				install
libgweather-common				install
libgxps2:amd64					install
libharfbuzz-icu0:amd64				install
libharfbuzz0b:amd64				install
libharfbuzz0b:i386				install
libheif1:amd64					install
libhogweed4:amd64				install
libhogweed4:i386				install
libhpmud0:amd64					install
libhtml-form-perl				install
libhtml-format-perl				install
libhtml-parser-perl				install
libhtml-tagset-perl				install
libhtml-tree-perl				install
libhttp-cookies-perl				install
libhttp-daemon-perl				install
libhttp-date-perl				install
libhttp-message-perl				install
libhttp-negotiate-perl				install
libhttp-parser2.8:amd64				install
libhunspell-1.7-0:amd64				install
libhyphen0:amd64				install
libi2c0:amd64					install
libibus-1.0-5:amd64				install
libical3:amd64					install
libice6:amd64					install
libice6:i386					install
libicu-dev:amd64				install
libicu63:amd64					install
libicu63:i386					install
libid3tag0:amd64				install
libidn11:amd64					install
libidn2-0:amd64					install
libidn2-0:i386					install
libidn2-dev:amd64				install
libiec61883-0:amd64				install
libieee1284-3:amd64				install
libigdgmm5:amd64				install
libigdgmm5:i386					install
libijs-0.35:amd64				install
libilmbase23:amd64				install
libimagequant0:amd64				install
libimlib2:amd64					install
libimobiledevice-dev				install
libimobiledevice-utils				install
libimobiledevice6:amd64				install
libindicator3-7:amd64				install
libinput-bin					install
libinput10:amd64				install
libio-html-perl					install
libio-socket-ssl-perl				install
libio-string-perl				install
libio-stringy-perl				install
libip4tc0:amd64					install
libip6tc0:amd64					install
libipc-run3-perl				install
libipc-shareable-perl				install
libipc-system-simple-perl			install
libiptc0:amd64					install
libiptcdata0					install
libisc-export1100:amd64				install
libisc1100:amd64				install
libisccc161:amd64				install
libisccfg163:amd64				install
libisl19:amd64					install
libisofs6:amd64					install
libitm1:amd64					install
libiw30:amd64					install
libixml10:amd64					install
libjack-jackd2-0:amd64				install
libjack-jackd2-0:i386				install
libjansson4:amd64				install
libjavascriptcoregtk-4.0-18:amd64		install
libjbig0:amd64					install
libjbig0:i386					install
libjbig2dec0:amd64				install
libjim0.77:amd64				install
libjpeg-turbo-progs				install
libjpeg62-turbo:amd64				install
libjpeg62-turbo:i386				install
libjq1:amd64					install
libjs-inherits					install
libjs-is-typedarray				install
libjs-jquery					install
libjs-sphinxdoc					install
libjs-underscore				install
libjs-xmlextras					install
libjson-c3:amd64				install
libjson-glib-1.0-0:amd64			install
libjson-glib-1.0-common				install
libjte1						install
libjxr-tools					install
libjxr0:amd64					install
libk5crypto3:amd64				install
libk5crypto3:i386				install
libkate1:amd64					install
libkeybinder-3.0-0:amd64			install
libkeybinder0					install
libkeyutils1:amd64				install
libkeyutils1:i386				install
libklibc:amd64					install
libkmod2:amd64					install
libkpathsea6:amd64				install
libkrb5-3:amd64					install
libkrb5-3:i386					install
libkrb5support0:amd64				install
libkrb5support0:i386				install
libksba8:amd64					install
libkyotocabinet16v5:amd64			install
liblangtag-common				install
liblangtag1:amd64				install
liblapack3:amd64				install
liblcms2-2:amd64				install
liblcms2-2:i386					install
liblcms2-utils					install
libldap-2.4-2:amd64				install
libldap-2.4-2:i386				install
libldap-common					install
libldb1:amd64					install
liblibreofficekitgtk				install
liblightdm-gobject-1-0:amd64			install
liblilv-0-0:amd64				install
liblingua-translit-perl				install
liblirc-client0:amd64				install
liblist-allutils-perl				install
liblist-moreutils-perl				install
liblist-someutils-perl				install
liblist-utilsby-perl				install
liblivemedia64:amd64				install
libllvm7:amd64					install
libllvm7:i386					install
liblmdb0:amd64					install
liblocale-gettext-perl				install
liblockfile-bin					install
liblog-dispatch-perl				install
liblog-log4perl-perl				install
liblognorm5:amd64				install
liblouis-data					install
liblouis17:amd64				install
liblouisutdml-bin				install
liblouisutdml-data				install
liblouisutdml8:amd64				install
liblqr-1-0:amd64				install
liblsan0:amd64					install
libltdl7:amd64					install
libltdl7:i386					install
liblua5.2-0:amd64				install
liblua5.3-0:amd64				install
liblwp-mediatypes-perl				install
liblwp-protocol-https-perl			install
liblwres161:amd64				install
liblz4-1:amd64					install
liblz4-1:i386					install
liblzma5:amd64					install
liblzma5:i386					install
liblzo2-2:amd64					install
libm17n-0:amd64					install
libmad0:amd64					install
libmagic-mgc					install
libmagic1:amd64					install
libmagick++-6.q16-8:amd64			install
libmagickcore-6.q16-6:amd64			install
libmagickcore-6.q16-6-extra:amd64		install
libmagickwand-6.q16-6:amd64			install
libmail-sendmail-perl				install
libmailtools-perl				install
libmailutils5:amd64				install
libmariadb3:amd64				install
libmatroska6v5:amd64				install
libmbedcrypto3:amd64				install
libmbedtls12:amd64				install
libmbedx509-0:amd64				install
libmbim-glib4:amd64				install
libmbim-proxy					install
libmediaart-2.0-0:amd64				install
libmenu-cache-bin				install
libmenu-cache3:amd64				install
libmhash2:amd64					install
libmime-charset-perl				install
libmime-lite-perl				install
libmime-types-perl				install
libminiupnpc17:amd64				install
libminizip1:amd64				install
libmjpegutils-2.1-0				install
libmm-glib0:amd64				install
libmms0:amd64					install
libmng1:amd64					install
libmnl0:amd64					install
libmodplug1:amd64				install
libmodule-implementation-perl			install
libmodule-runtime-perl				install
libmono-2.0-1					install
libmono-2.0-dev					install
libmono-accessibility4.0-cil			install
libmono-btls-interface4.0-cil			install
libmono-cairo4.0-cil				install
libmono-cecil-private-cil			install
libmono-cil-dev					install
libmono-codecontracts4.0-cil			install
libmono-compilerservices-symbolwriter4.0-cil	install
libmono-corlib4.5-cil				install
libmono-cscompmgd0.0-cil			install
libmono-csharp4.0c-cil				install
libmono-custommarshalers4.0-cil			install
libmono-data-tds4.0-cil				install
libmono-db2-1.0-cil				install
libmono-debugger-soft4.0a-cil			install
libmono-http4.0-cil				install
libmono-i18n-cjk4.0-cil				install
libmono-i18n-mideast4.0-cil			install
libmono-i18n-other4.0-cil			install
libmono-i18n-rare4.0-cil			install
libmono-i18n-west4.0-cil			install
libmono-i18n4.0-all				install
libmono-i18n4.0-cil				install
libmono-ldap4.0-cil				install
libmono-management4.0-cil			install
libmono-messaging-rabbitmq4.0-cil		install
libmono-messaging4.0-cil			install
libmono-microsoft-build-engine4.0-cil		install
libmono-microsoft-build-framework4.0-cil	install
libmono-microsoft-build-tasks-v4.0-4.0-cil	install
libmono-microsoft-build-utilities-v4.0-4.0-cil	install
libmono-microsoft-build4.0-cil			install
libmono-microsoft-csharp4.0-cil			install
libmono-microsoft-visualc10.0-cil		install
libmono-microsoft-web-infrastructure1.0-cil	install
libmono-oracle4.0-cil				install
libmono-parallel4.0-cil				install
libmono-peapi4.0a-cil				install
libmono-posix4.0-cil				install
libmono-profiler				install
libmono-rabbitmq4.0-cil				install
libmono-relaxng4.0-cil				install
libmono-security4.0-cil				install
libmono-sharpzip4.84-cil			install
libmono-simd4.0-cil				install
libmono-smdiagnostics0.0-cil			install
libmono-sqlite4.0-cil				install
libmono-system-componentmodel-composition4.0-cil	install
libmono-system-componentmodel-dataannotations4.0-cil	install
libmono-system-configuration-install4.0-cil	install
libmono-system-configuration4.0-cil		install
libmono-system-core4.0-cil			install
libmono-system-data-datasetextensions4.0-cil	install
libmono-system-data-entity4.0-cil		install
libmono-system-data-linq4.0-cil			install
libmono-system-data-services-client4.0-cil	install
libmono-system-data-services4.0-cil		install
libmono-system-data4.0-cil			install
libmono-system-deployment4.0-cil		install
libmono-system-design4.0-cil			install
libmono-system-drawing-design4.0-cil		install
libmono-system-drawing4.0-cil			install
libmono-system-dynamic4.0-cil			install
libmono-system-enterpriseservices4.0-cil	install
libmono-system-identitymodel-selectors4.0-cil	install
libmono-system-identitymodel4.0-cil		install
libmono-system-io-compression-filesystem4.0-cil	install
libmono-system-io-compression4.0-cil		install
libmono-system-json-microsoft4.0-cil		install
libmono-system-json4.0-cil			install
libmono-system-ldap-protocols4.0-cil		install
libmono-system-ldap4.0-cil			install
libmono-system-management4.0-cil		install
libmono-system-messaging4.0-cil			install
libmono-system-net-http-formatting4.0-cil	install
libmono-system-net-http-webrequest4.0-cil	install
libmono-system-net-http4.0-cil			install
libmono-system-net4.0-cil			install
libmono-system-numerics-vectors4.0-cil		install
libmono-system-numerics4.0-cil			install
libmono-system-reactive-core2.2-cil		install
libmono-system-reactive-debugger2.2-cil		install
libmono-system-reactive-experimental2.2-cil	install
libmono-system-reactive-interfaces2.2-cil	install
libmono-system-reactive-linq2.2-cil		install
libmono-system-reactive-observable-aliases0.0-cil	install
libmono-system-reactive-platformservices2.2-cil	install
libmono-system-reactive-providers2.2-cil	install
libmono-system-reactive-runtime-remoting2.2-cil	install
libmono-system-reactive-windows-forms2.2-cil	install
libmono-system-reactive-windows-threading2.2-cil	install
libmono-system-reflection-context4.0-cil	install
libmono-system-runtime-caching4.0-cil		install
libmono-system-runtime-durableinstancing4.0-cil	install
libmono-system-runtime-serialization-formatters-soap4.0-cil	install
libmono-system-runtime-serialization4.0-cil	install
libmono-system-runtime4.0-cil			install
libmono-system-security4.0-cil			install
libmono-system-servicemodel-activation4.0-cil	install
libmono-system-servicemodel-discovery4.0-cil	install
libmono-system-servicemodel-internals0.0-cil	install
libmono-system-servicemodel-routing4.0-cil	install
libmono-system-servicemodel-web4.0-cil		install
libmono-system-servicemodel4.0a-cil		install
libmono-system-serviceprocess4.0-cil		install
libmono-system-threading-tasks-dataflow4.0-cil	install
libmono-system-transactions4.0-cil		install
libmono-system-web-abstractions4.0-cil		install
libmono-system-web-applicationservices4.0-cil	install
libmono-system-web-dynamicdata4.0-cil		install
libmono-system-web-extensions-design4.0-cil	install
libmono-system-web-extensions4.0-cil		install
libmono-system-web-http-selfhost4.0-cil		install
libmono-system-web-http-webhost4.0-cil		install
libmono-system-web-http4.0-cil			install
libmono-system-web-mobile4.0-cil		install
libmono-system-web-mvc3.0-cil			install
libmono-system-web-razor2.0-cil			install
libmono-system-web-regularexpressions4.0-cil	install
libmono-system-web-routing4.0-cil		install
libmono-system-web-services4.0-cil		install
libmono-system-web-webpages-deployment2.0-cil	install
libmono-system-web-webpages-razor2.0-cil	install
libmono-system-web-webpages2.0-cil		install
libmono-system-web4.0-cil			install
libmono-system-windows-forms-datavisualization4.0a-cil	install
libmono-system-windows-forms4.0-cil		install
libmono-system-windows4.0-cil			install
libmono-system-workflow-activities4.0-cil	install
libmono-system-workflow-componentmodel4.0-cil	install
libmono-system-workflow-runtime4.0-cil		install
libmono-system-xaml4.0-cil			install
libmono-system-xml-linq4.0-cil			install
libmono-system-xml-serialization4.0-cil		install
libmono-system-xml4.0-cil			install
libmono-system4.0-cil				install
libmono-tasklets4.0-cil				install
libmono-webbrowser4.0-cil			install
libmono-webmatrix-data4.0-cil			install
libmono-windowsbase4.0-cil			install
libmono-xbuild-tasks4.0-cil			install
libmonoboehm-2.0-1				install
libmonosgen-2.0-1				install
libmonosgen-2.0-dev				install
libmount-dev:amd64				install
libmount1:amd64					install
libmount1:i386					install
libmozjs-60-0:amd64				install
libmp3lame0:amd64				install
libmp3lame0:i386				install
libmpc3:amd64					install
libmpcdec6:amd64				install
libmpdec2:amd64					install
libmpeg2-4:amd64				install
libmpeg2encpp-2.1-0				install
libmpfr6:amd64					install
libmpg123-0:amd64				install
libmpg123-0:i386				install
libmplex2-2.1-0					install
libmpx2:amd64					install
libmro-compat-perl				install
libmspack0:amd64				install
libmspub-0.1-1:amd64				install
libmtdev1:amd64					install
libmtp-common					install
libmtp-runtime					install
libmtp9:amd64					install
libmusicbrainz5-2:amd64				install
libmusicbrainz5cc2v5:amd64			install
libmutter-3-0:amd64				install
libmwaw-0.3-3:amd64				install
libmysofa0:amd64				install
libmythes-1.2-0:amd64				install
libnamespace-autoclean-perl			install
libnamespace-clean-perl				install
libnatpmp1:amd64				install
libnautilus-extension1a:amd64			install
libncurses6:amd64				install
libncurses6:i386				install
libncursesw6:amd64				install
libndp0:amd64					install
libneon27-gnutls:amd64				install
libnet-dbus-perl				install
libnet-http-perl				install
libnet-smtp-ssl-perl				install
libnet-ssleay-perl				install
libnetfilter-conntrack3:amd64			install
libnetpbm10					install
libnettle6:amd64				install
libnettle6:i386					install
libnewt0.52:amd64				install
libnfnetlink0:amd64				install
libnfs12:amd64					install
libnfsidmap2:amd64				install
libnftnl11:amd64				install
libnghttp2-14:amd64				install
libnice10:amd64					install
libnl-3-200:amd64				install
libnl-genl-3-200:amd64				install
libnl-route-3-200:amd64				install
libnm0:amd64					install
libnma0:amd64					install
libnode-dev:amd64				install
libnode64:amd64					install
libnorm1:amd64					install
libnotify-bin					install
libnotify4:amd64				install
libnpth0:amd64					install
libnspr4:amd64					install
libnss-mdns:amd64				install
libnss-myhostname:amd64				install
libnss-systemd:amd64				install
libnss3:amd64					install
libntfs-3g883					install
libntlm0:amd64					install
libnuma1:amd64					install
libnuma1:i386					install
libnumber-compare-perl				install
libnumbertext-1.0-0:amd64			install
libnumbertext-data				install
libnunit-cil-dev				install
libnunit-console-runner2.6.3-cil		install
libnunit-core-interfaces2.6.3-cil		install
libnunit-core2.6.3-cil				install
libnunit-framework2.6.3-cil			install
libnunit-mocks2.6.3-cil				install
libnunit-util2.6.3-cil				install
liboauth0:amd64					install
libobjc4:amd64					install
libobrender32v5					install
libobt2v5					install
libodbc1:amd64					install
libodbc1:i386					install
libodfgen-0.1-1:amd64				install
libofa0:amd64					install
libogg0:amd64					install
libogg0:i386					install
libonig5:amd64					install
liboobs-1-5:amd64				install
libopenal-data					install
libopenal1:amd64				install
libopenal1:i386					install
libopencore-amrnb0:amd64			install
libopencore-amrwb0:amd64			install
libopencv-core3.2:amd64				install
libopencv-imgproc3.2:amd64			install
libopenexr23:amd64				install
libopenjp2-7:amd64				install
libopenjp2-7:i386				install
libopenmpt-modplug1:amd64			install
libopenmpt0:amd64				install
libopus0:amd64					install
libopus0:i386					install
liborc-0.4-0:amd64				install
liborc-0.4-0:i386				install
liborcus-0.14-0:amd64				install
libosinfo-1.0-0:amd64				install
libosmesa6:amd64				install
libosmesa6:i386					install
libosp5						install
libostree-1-1:amd64				install
libostyle1c2					install
libotf0:amd64					install
libp11-kit-dev:amd64				install
libp11-kit0:amd64				install
libp11-kit0:i386				install
libpackage-stash-perl				install
libpackage-stash-xs-perl			install
libpackagekit-glib2-18:amd64			install
libpadwalker-perl				install
libpagemaker-0.0-0:amd64			install
libpam-gnome-keyring:amd64			install
libpam-modules:amd64				install
libpam-modules-bin				install
libpam-runtime					install
libpam-systemd:amd64				install
libpam0g:amd64					install
libpango-1.0-0:amd64				install
libpango-1.0-0:i386				install
libpangocairo-1.0-0:amd64			install
libpangocairo-1.0-0:i386			install
libpangoft2-1.0-0:amd64				install
libpangoft2-1.0-0:i386				install
libpangomm-1.4-1v5:amd64			install
libpangoxft-1.0-0:amd64				install
libpaper-utils					install
libpaper1:amd64					install
libparams-classify-perl				install
libparams-util-perl				install
libparams-validate-perl				install
libparams-validationcompiler-perl		install
libparse-debianchangelog-perl			install
libparted-fs-resize0:amd64			install
libparted2:amd64				install
libpcap0.8:amd64				install
libpcap0.8:i386					install
libpcaudio0:amd64				install
libpci3:amd64					install
libpciaccess0:amd64				install
libpciaccess0:i386				install
libpcre16-3:amd64				install
libpcre2-16-0:amd64				install
libpcre2-8-0:amd64				install
libpcre3:amd64					install
libpcre3:i386					install
libpcre3-dev:amd64				install
libpcre32-3:amd64				install
libpcrecpp0v5:amd64				install
libpcsclite1:amd64				install
libpeas-1.0-0:amd64				install
libpeas-common					install
libperl4-corelibs-perl				install
libperl5.28:amd64				install
libperlio-utf8-strict-perl			install
libpgm-5.2-0:amd64				install
libphodav-2.0-0:amd64				install
libphodav-2.0-common				install
libphonenumber7:amd64				install
libpipeline1:amd64				install
libpipewire-0.2-1:amd64				install
libpixman-1-0:amd64				install
libpixman-1-0:i386				install
libplacebo7:amd64				install
libplist-dev:amd64				install
libplist3:amd64					install
libplot2c2:amd64				install
libplymouth4:amd64				install
libpng-dev:amd64				install
libpng-tools					install
libpng16-16:amd64				install
libpng16-16:i386				install
libpolkit-agent-1-0:amd64			install
libpolkit-backend-1-0:amd64			install
libpolkit-gobject-1-0:amd64			install
libpoppler-glib8:amd64				install
libpoppler-qt5-1:amd64				install
libpoppler82:amd64				install
libpopt0:amd64					install
libpostproc55:amd64				install
libpotrace0:amd64				install
libpq5:amd64					install
libprocps7:amd64				install
libprotobuf-c1:amd64				install
libprotobuf-lite17:amd64			install
libprotobuf17:amd64				install
libproxy-tools					install
libproxy1-plugin-gsettings:amd64		install
libproxy1-plugin-networkmanager:amd64		install
libproxy1-plugin-webkit:amd64			install
libproxy1v5:amd64				install
libpsl5:amd64					install
libpst4:amd64					install
libpstoedit0c2a					install
libptexenc1:amd64				install
libpthread-stubs0-dev:amd64			install
libpulse-mainloop-glib0:amd64			install
libpulse0:amd64					install
libpulse0:i386					install
libpulsedsp:amd64				install
libpwquality-common				install
libpwquality1:amd64				install
libpython-all-dev:amd64				install
libpython-dev:amd64				install
libpython-stdlib:amd64				install
libpython2-dev:amd64				install
libpython2-stdlib:amd64				install
libpython2.7:amd64				install
libpython2.7-dev:amd64				install
libpython2.7-minimal:amd64			install
libpython2.7-stdlib:amd64			install
libpython3-stdlib:amd64				install
libpython3.7:amd64				install
libpython3.7-minimal:amd64			install
libpython3.7-stdlib:amd64			install
libqmi-glib5:amd64				install
libqmi-proxy					install
libqpdf21:amd64					install
libqqwing2v5:amd64				install
libqt5concurrent5:amd64				install
libqt5core5a:amd64				install
libqt5dbus5:amd64				install
libqt5designer5:amd64				install
libqt5gui5:amd64				install
libqt5help5:amd64				install
libqt5network5:amd64				install
libqt5opengl5:amd64				install
libqt5printsupport5:amd64			install
libqt5sql5:amd64				install
libqt5sql5-sqlite:amd64				install
libqt5svg5:amd64				install
libqt5test5:amd64				install
libqt5widgets5:amd64				install
libqt5x11extras5:amd64				install
libqt5xml5:amd64				install
libquadmath0:amd64				install
libquazip5-1:amd64				install
libquvi-0.9-0.9.3:amd64				install
libquvi-scripts-0.9				install
libqxp-0.0-0					install
libraptor2-0:amd64				install
librasqal3:amd64				install
libraw1394-11:amd64				install
libraw19:amd64					install
librdf0:amd64					install
libreadline7:amd64				install
libreadonly-perl				install
libref-util-perl				install
libref-util-xs-perl				install
libregexp-assemble-perl				install
libregexp-common-perl				install
libreoffice-avmedia-backend-gstreamer		install
libreoffice-base-core				install
libreoffice-calc				install
libreoffice-common				install
libreoffice-core				install
libreoffice-draw				install
libreoffice-gnome				install
libreoffice-gtk3				install
libreoffice-help-common				install
libreoffice-help-en-us				install
libreoffice-impress				install
libreoffice-math				install
libreoffice-style-colibre			install
libreoffice-style-elementary			install
libreoffice-style-tango				install
libreoffice-writer				install
libreofficekit-data				install
libresid-builder0c2a				install
librest-0.7-0:amd64				install
librevenge-0.0-0:amd64				install
librhythmbox-core10:amd64			install
librole-tiny-perl				install
librpm8						install
librpmbuild8					install
librpmio8					install
librpmsign8					install
librsvg2-2:amd64				install
librsvg2-2:i386					install
librsvg2-bin					install
librsvg2-common:amd64				install
librsvg2-common:i386				install
librtmp1:amd64					install
librubberband2:amd64				install
libruby2.5:amd64				install
librygel-core-2.6-2:amd64			install
librygel-db-2.6-2:amd64				install
librygel-renderer-2.6-2:amd64			install
librygel-renderer-gst-2.6-2:amd64		install
librygel-server-2.6-2:amd64			install
libsamplerate0:amd64				install
libsamplerate0:i386				install
libsane:amd64					install
libsane-common					install
libsane-hpaio:amd64				install
libsasl2-2:amd64				install
libsasl2-2:i386					install
libsasl2-modules:amd64				install
libsasl2-modules:i386				install
libsasl2-modules-db:amd64			install
libsasl2-modules-db:i386			install
libsbc1:amd64					install
libsdl-image1.2:amd64				install
libsdl-ttf2.0-0:amd64				install
libsdl1.2debian:amd64				install
libsdl2-2.0-0:amd64				install
libsdl2-2.0-0:i386				install
libseccomp2:amd64				install
libsecret-1-0:amd64				install
libsecret-common				install
libselinux1:amd64				install
libselinux1:i386				install
libselinux1-dev:amd64				install
libsemanage-common				install
libsemanage1:amd64				install
libsensors-config				install
libsensors5:amd64				install
libsensors5:i386				install
libsepol1:amd64					install
libsepol1-dev:amd64				install
libserd-0-0:amd64				install
libsgutils2-2					install
libshine3:amd64					install
libshine3:i386					install
libshout3:amd64					install
libsidplay1v5:amd64				install
libsidplay2					install
libsigc++-2.0-0v5:amd64				install
libsigsegv2:amd64				install
libslang2:amd64					install
libsm6:amd64					install
libsm6:i386					install
libsmartcols1:amd64				install
libsmbclient:amd64				install
libsmbios-c2					install
libsnappy1v5:amd64				install
libsnappy1v5:i386				install
libsndfile1:amd64				install
libsndfile1:i386				install
libsndio7.0:amd64				install
libsndio7.0:i386				install
libsnmp-base					install
libsnmp30:amd64					install
libsodium23:amd64				install
libsombok3:amd64				install
libsonic0:amd64					install
libsord-0-0:amd64				install
libsort-key-perl				install
libsoundtouch1:amd64				install
libsoup-gnome2.4-1:amd64			install
libsoup2.4-1:amd64				install
libsox-fmt-alsa:amd64				install
libsox-fmt-base:amd64				install
libsox3:amd64					install
libsoxr0:amd64					install
libsoxr0:i386					install
libspandsp2:amd64				install
libspatialaudio0:amd64				install
libspecio-perl					install
libspectre1:amd64				install
libspeechd2:amd64				install
libspeex1:amd64					install
libspeex1:i386					install
libspeexdsp1:amd64				install
libspice-client-glib-2.0-8:amd64		install
libspice-client-gtk-3.0-5:amd64			install
libsqlite0					install
libsqlite3-0:amd64				install
libsqlite3-0:i386				install
libsratom-0-0:amd64				install
libsrtp2-1:amd64				install
libss2:amd64					install
libssh-gcrypt-4:amd64				install
libssh2-1:amd64					install
libssl-dev:amd64				install
libssl1.1:amd64					install
libssl1.1:i386					install
libstaroffice-0.0-0:amd64			install
libstartup-notification0:amd64			install
libstdc++-8-dev:amd64				install
libstdc++6:amd64				install
libstdc++6:i386					install
libstemmer0d:amd64				install
libsub-exporter-perl				install
libsub-exporter-progressive-perl		install
libsub-identify-perl				install
libsub-install-perl				install
libsub-name-perl				install
libsub-quote-perl				install
libsuitesparseconfig5:amd64			install
libswresample3:amd64				install
libswresample3:i386				install
libswscale5:amd64				install
libsynctex2:amd64				install
libsys-hostname-long-perl			install
libsystemd0:amd64				install
libsystemd0:i386				install
libtag1v5:amd64					install
libtag1v5-vanilla:amd64				install
libtagc0:amd64					install
libtalloc2:amd64				install
libtasn1-6:amd64				install
libtasn1-6:i386					install
libtasn1-6-dev:amd64				install
libtasn1-doc					install
libtbb2:amd64					install
libtcl8.6:amd64					install
libtdb1:amd64					install
libteamdctl0:amd64				install
libteckit0:amd64				install
libtevent0:amd64				install
libtexlua52:amd64				install
libtexlua53:amd64				install
libtexluajit2:amd64				install
libtext-bibtex-perl				install
libtext-charwidth-perl				install
libtext-csv-perl				install
libtext-csv-xs-perl				install
libtext-glob-perl				install
libtext-iconv-perl				install
libtext-roman-perl				install
libtext-unidecode-perl				install
libtext-wrapi18n-perl				install
libthai-data					install
libthai0:amd64					install
libthai0:i386					install
libtheora0:amd64				install
libtheora0:i386					install
libtie-cycle-perl				install
libtie-ixhash-perl				install
libtiff5:amd64					install
libtiff5:i386					install
libtimedate-perl				install
libtinfo6:amd64					install
libtinfo6:i386					install
libtirpc-common					install
libtirpc3:amd64					install
libtk8.6:amd64					install
libtorrent-rasterbar9				install
libtotem-plparser-common			install
libtotem-plparser18:amd64			install
libtotem0:amd64					install
libtracker-control-2.0-0:amd64			install
libtracker-miner-2.0-0:amd64			install
libtracker-sparql-2.0-0:amd64			install
libtry-tiny-perl				install
libtsan0:amd64					install
libtss2-esys0					install
libtss2-udev					install
libtumbler-1-0					install
libturbojpeg0:amd64				install
libtwolame0:amd64				install
libtwolame0:i386				install
libu2f-udev					install
libubsan1:amd64					install
libuchardet0:amd64				install
libudev1:amd64					install
libudev1:i386					install
libudisks2-0:amd64				install
libunbound8:amd64				install
libunicode-linebreak-perl			install
libunique-1.0-0					install
libunistring2:amd64				install
libunistring2:i386				install
libunwind8:amd64				install
libupnp13:amd64					install
libupower-glib3:amd64				install
liburi-perl					install
libusageenvironment3:amd64			install
libusb-0.1-4:amd64				install
libusb-1.0-0:amd64				install
libusb-1.0-0:i386				install
libusbmuxd-dev:amd64				install
libusbmuxd4:amd64				install
libusbredirhost1:amd64				install
libusbredirparser1:amd64			install
libuser1					install
libutempter0:amd64				install
libuuid1:amd64					install
libuuid1:i386					install
libuv1:amd64					install
libuv1-dev:amd64				install
libv4l-0:amd64					install
libv4l-0:i386					install
libv4lconvert0:amd64				install
libv4lconvert0:i386				install
libva-drm2:amd64				install
libva-drm2:i386					install
libva-wayland2:amd64				install
libva-x11-2:amd64				install
libva-x11-2:i386				install
libva2:amd64					install
libva2:i386					install
libvariable-magic-perl				install
libvdpau-va-gl1:amd64				install
libvdpau-va-gl1:i386				install
libvdpau1:amd64					install
libvdpau1:i386					install
libvidstab1.1:amd64				install
libvisio-0.1-1:amd64				install
libvisual-0.4-0:amd64				install
libvisual-0.4-0:i386				install
libvkd3d1:amd64					install
libvkd3d1:i386					install
libvlc-bin:amd64				install
libvlc5:amd64					install
libvlccore9:amd64				install
libvo-aacenc0:amd64				install
libvo-amrwbenc0:amd64				install
libvolume-key1					install
libvorbis0a:amd64				install
libvorbis0a:i386				install
libvorbisenc2:amd64				install
libvorbisenc2:i386				install
libvorbisfile3:amd64				install
libvorbisidec1					install
libvpx5:amd64					install
libvpx5:i386					install
libvte-2.91-0:amd64				install
libvte-2.91-common				install
libvulkan1:amd64				install
libvulkan1:i386					install
libwacom-bin					install
libwacom-common					install
libwacom2:amd64					install
libwavpack1:amd64				install
libwavpack1:i386				install
libwayland-client0:amd64			install
libwayland-client0:i386				install
libwayland-cursor0:amd64			install
libwayland-cursor0:i386				install
libwayland-egl1:amd64				install
libwayland-egl1:i386				install
libwayland-server0:amd64			install
libwbclient0:amd64				install
libwebkit2gtk-4.0-37:amd64			install
libwebp6:amd64					install
libwebp6:i386					install
libwebpdemux2:amd64				install
libwebpmux3:amd64				install
libwebpmux3:i386				install
libwebrtc-audio-processing1:amd64		install
libwildmidi2:amd64				install
libwine:amd64					install
libwine:i386					install
libwine-development:amd64			install
libwine-development:i386			install
libwinpr2-2:amd64				install
libwmf0.2-7:amd64				install
libwnck-3-0:amd64				install
libwnck-3-common				install
libwnck-common					install
libwnck22:amd64					install
libwoff1:amd64					install
libwpd-0.10-10:amd64				install
libwpg-0.3-3:amd64				install
libwps-0.4-4:amd64				install
libwrap0:amd64					install
libwrap0:i386					install
libwww-perl					install
libwww-robotrules-perl				install
libwxbase3.0-0v5:amd64				install
libwxgtk3.0-gtk3-0v5:amd64			install
libx11-6:amd64					install
libx11-6:i386					install
libx11-data					install
libx11-dev:amd64				install
libx11-protocol-perl				install
libx11-xcb1:amd64				install
libx11-xcb1:i386				install
libx264-155:amd64				install
libx264-155:i386				install
libx265-165:amd64				install
libx265-165:i386				install
libx86-1:amd64					install
libxapian30:amd64				install
libxatracker2:amd64				install
libxau-dev:amd64				install
libxau6:amd64					install
libxau6:i386					install
libxaw7:amd64					install
libxcb-dri2-0:amd64				install
libxcb-dri2-0:i386				install
libxcb-dri3-0:amd64				install
libxcb-dri3-0:i386				install
libxcb-glx0:amd64				install
libxcb-glx0:i386				install
libxcb-icccm4:amd64				install
libxcb-image0:amd64				install
libxcb-keysyms1:amd64				install
libxcb-present0:amd64				install
libxcb-present0:i386				install
libxcb-randr0:amd64				install
libxcb-randr0:i386				install
libxcb-render-util0:amd64			install
libxcb-render0:amd64				install
libxcb-render0:i386				install
libxcb-res0:amd64				install
libxcb-shape0:amd64				install
libxcb-shm0:amd64				install
libxcb-shm0:i386				install
libxcb-sync1:amd64				install
libxcb-sync1:i386				install
libxcb-util0:amd64				install
libxcb-xf86dri0:amd64				install
libxcb-xfixes0:amd64				install
libxcb-xfixes0:i386				install
libxcb-xinerama0:amd64				install
libxcb-xkb1:amd64				install
libxcb-xtest0:amd64				install
libxcb-xv0:amd64				install
libxcb1:amd64					install
libxcb1:i386					install
libxcb1-dev:amd64				install
libxcomposite1:amd64				install
libxcomposite1:i386				install
libxcursor1:amd64				install
libxcursor1:i386				install
libxdamage1:amd64				install
libxdamage1:i386				install
libxdmcp-dev:amd64				install
libxdmcp6:amd64					install
libxdmcp6:i386					install
libxdo3:amd64					install
libxext6:amd64					install
libxext6:i386					install
libxfce4ui-common				deinstall
libxfixes3:amd64				install
libxfixes3:i386					install
libxfont2:amd64					install
libxft2:amd64					install
libxi6:amd64					install
libxi6:i386					install
libxinerama1:amd64				install
libxinerama1:i386				install
libxkbcommon-x11-0:amd64			install
libxkbcommon0:amd64				install
libxkbcommon0:i386				install
libxkbfile1:amd64				install
libxklavier16:amd64				install
libxml-libxml-perl				install
libxml-libxml-simple-perl			install
libxml-libxslt-perl				install
libxml-namespacesupport-perl			install
libxml-parser-perl				install
libxml-sax-base-perl				install
libxml-sax-expat-perl				install
libxml-sax-perl					install
libxml-twig-perl				install
libxml-writer-perl				install
libxml-xpathengine-perl				install
libxml2:amd64					install
libxml2:i386					install
libxml2-dev:amd64				install
libxml2-utils					install
libxmlb1:amd64					install
libxmlsec1:amd64				install
libxmlsec1-nss:amd64				install
libxmmsclient-glib1				install
libxmmsclient6					install
libxmu6:amd64					install
libxmuu1:amd64					install
libxpm4:amd64					install
libxpm4:i386					install
libxrandr2:amd64				install
libxrandr2:i386					install
libxrender1:amd64				install
libxrender1:i386				install
libxres1:amd64					install
libxshmfence1:amd64				install
libxshmfence1:i386				install
libxslt1.1:amd64				install
libxslt1.1:i386					install
libxss1:amd64					install
libxss1:i386					install
libxt6:amd64					install
libxtables12:amd64				install
libxtst6:amd64					install
libxtst6:i386					install
libxv1:amd64					install
libxvidcore4:amd64				install
libxvidcore4:i386				install
libxvmc1:amd64					install
libxxf86dga1:amd64				install
libxxf86vm1:amd64				install
libxxf86vm1:i386				install
libxxhash0:amd64				install
libyajl2:amd64					install
libyaml-0-2:amd64				install
libyaml-tiny-perl				install
libyelp0:amd64					install
libytnef0:amd64					install
libzapojit-0.0-0:amd64				install
libzbar0:amd64					install
libzeitgeist-2.0-0:amd64			install
libzip4:amd64					install
libzmf-0.0-0:amd64				install
libzmq5:amd64					install
libzstd1:amd64					install
libzstd1:i386					install
libzvbi-common					install
libzvbi0:amd64					install
libzvbi0:i386					install
libzzip-0-13:amd64				install
light-locker					install
lightdm						install
lightdm-gtk-greeter				install
lightsoff					install
linux-base					install
linux-compiler-gcc-8-x86			install
linux-cpupower					install
linux-headers-4.19.0-13-amd64			install
linux-headers-4.19.0-13-common			install
linux-headers-4.19.0-14-amd64			install
linux-headers-4.19.0-14-common			install
linux-headers-amd64				install
linux-image-4.19.0-13-amd64			install
linux-image-4.19.0-14-amd64			install
linux-image-amd64				install
linux-kbuild-4.19				install
linux-libc-dev:amd64				install
lmodern						install
locales						install
login						install
logrotate					install
lp-solve					install
lsb-base					install
lsb-release					install
lsof						install
lua-bitop:amd64					install
lua-expat:amd64					install
lua-json					install
lua-lpeg:amd64					install
lua-socket:amd64				install
lxappearance					install
lxappearance-obconf				install
lxde						install
lxde-common					install
lxde-core					install
lxde-icon-theme					install
lxde-settings-daemon				install
lxhotkey-core					install
lxhotkey-data					install
lxhotkey-gtk					install
lxhotkey-plugin-openbox				install
lxinput						install
lxlock						install
lxmenu-data					install
lxmusic						install
lxpanel						install
lxpanel-data					install
lxpolkit					install
lxrandr						install
lxsession					install
lxsession-data					install
lxsession-default-apps				install
lxsession-edit					install
lxsession-logout				install
lxtask						install
lxterminal					install
m17n-db						install
mailutils					install
mailutils-common				install
make						install
man-db						install
manpages					install
manpages-dev					install
mariadb-common					install
mawk						install
media-player-info				install
menu						install
menu-xdg					install
mesa-utils					install
mesa-va-drivers:amd64				install
mesa-va-drivers:i386				install
mesa-vdpau-drivers:amd64			install
mesa-vdpau-drivers:i386				install
mesa-vulkan-drivers:amd64			install
mesa-vulkan-drivers:i386			install
mime-support					install
mobile-broadband-provider-info			install
modemmanager					install
mono-4.0-gac					install
mono-4.0-service				install
mono-complete					install
mono-csharp-shell				install
mono-devel					install
mono-gac					install
mono-jay					install
mono-mcs					install
mono-runtime					install
mono-runtime-common				install
mono-runtime-sgen				install
mono-utils					install
mono-xbuild					install
mono-xsp4					install
mono-xsp4-base					install
monodoc-base					install
monodoc-http					install
monodoc-manual					install
mount						install
mousepad					install
mousetweaks					install
mplayer						install
mscompress					install
mutter						install
mutter-common					install
mysql-common					install
mythes-en-us					install
nano						install
nautilus					install
nautilus-data					install
nautilus-extension-brasero			install
nautilus-extension-gnome-terminal		install
nautilus-sendto					install
ncurses-base					install
ncurses-bin					install
ncurses-term					install
net-tools					install
netbase						install
netcat-traditional				install
netpbm						install
nettle-dev:amd64				install
network-manager					install
network-manager-gnome				install
nfs-common					install
nfs-kernel-server				install
node-abbrev					install
node-ajv					install
node-ansi					install
node-ansi-align					install
node-ansi-regex					install
node-ansi-styles				install
node-ansistyles					install
node-aproba					install
node-archy					install
node-are-we-there-yet				install
node-asn1					install
node-assert-plus				install
node-asynckit					install
node-aws-sign2					install
node-aws4					install
node-balanced-match				install
node-bcrypt-pbkdf				install
node-bluebird					install
node-boxen					install
node-brace-expansion				install
node-builtin-modules				install
node-builtins					install
node-cacache					install
node-call-limit					install
node-camelcase					install
node-caseless					install
node-chalk					install
node-chownr					install
node-cli-boxes					install
node-cliui					install
node-clone					install
node-co						install
node-color-convert				install
node-color-name					install
node-combined-stream				install
node-concat-map					install
node-concat-stream				install
node-config-chain				install
node-console-control-strings			install
node-copy-concurrently				install
node-core-util-is				install
node-cross-spawn				install
node-cyclist					install
node-dashdash					install
node-decamelize					install
node-decompress-response			install
node-deep-extend				install
node-defaults					install
node-delayed-stream				install
node-delegates					install
node-detect-indent				install
node-detect-newline				install
node-duplexer3					install
node-duplexify					install
node-ecc-jsbn					install
node-editor					install
node-encoding					install
node-end-of-stream				install
node-errno					install
node-escape-string-regexp			install
node-execa					install
node-extend					install
node-extsprintf					install
node-find-up					install
node-flush-write-stream				install
node-forever-agent				install
node-form-data					install
node-from2					install
node-fs-vacuum					install
node-fs-write-stream-atomic			install
node-fs.realpath				install
node-gauge					install
node-get-caller-file				install
node-get-stream					install
node-getpass					install
node-glob					install
node-got					install
node-graceful-fs				install
node-gyp					install
node-har-schema					install
node-har-validator				install
node-has-flag					install
node-has-symbol-support-x			install
node-has-to-string-tag-x			install
node-has-unicode				install
node-hosted-git-info				install
node-http-signature				install
node-iconv-lite					install
node-iferr					install
node-import-lazy				install
node-imurmurhash				install
node-inflight					install
node-inherits					install
node-ini					install
node-invert-kv					install
node-is-builtin-module				install
node-is-npm					install
node-is-object					install
node-is-plain-obj				install
node-is-retry-allowed				install
node-is-stream					install
node-is-typedarray				install
node-isarray					install
node-isexe					install
node-isstream					install
node-isurl					install
node-jsbn					install
node-json-parse-better-errors			install
node-json-schema				install
node-json-stable-stringify			install
node-json-stringify-safe			install
node-jsonify					install
node-jsonparse					install
node-jsonstream					install
node-jsprim					install
node-latest-version				install
node-lazy-property				install
node-lcid					install
node-libnpx					install
node-locate-path				install
node-lockfile					install
node-lowercase-keys				install
node-lru-cache					install
node-mem					install
node-mime-types					install
node-mimic-fn					install
node-mimic-response				install
node-minimatch					install
node-minimist					install
node-mississippi				install
node-mkdirp					install
node-move-concurrently				install
node-mute-stream				install
node-node-uuid					install
node-nopt					install
node-normalize-package-data			install
node-normalize.css				install
node-npm-package-arg				install
node-npm-run-path				install
node-npmlog					install
node-oauth-sign					install
node-object-assign				install
node-once					install
node-opener					install
node-os-locale					install
node-osenv					install
node-p-cancelable				install
node-p-finally					install
node-p-limit					install
node-p-locate					install
node-p-timeout					install
node-package-json				install
node-parallel-transform				install
node-path-exists				install
node-path-is-absolute				install
node-path-is-inside				install
node-performance-now				install
node-prepend-http				install
node-process-nextick-args			install
node-promise-inflight				install
node-promzard					install
node-proto-list					install
node-prr					install
node-pump					install
node-pumpify					install
node-punycode					install
node-qs						install
node-qw						install
node-rc						install
node-read					install
node-read-package-json				install
node-readable-stream				install
node-registry-auth-token			install
node-registry-url				install
node-request					install
node-require-directory				install
node-require-main-filename			install
node-resolve-from				install
node-retry					install
node-rimraf					install
node-run-queue					install
node-safe-buffer				install
node-semver					install
node-semver-diff				install
node-set-blocking				install
node-sha					install
node-shebang-command				install
node-shebang-regex				install
node-signal-exit				install
node-slash					install
node-slide					install
node-sorted-object				install
node-spdx-correct				install
node-spdx-expression-parse			install
node-spdx-license-ids				install
node-sshpk					install
node-ssri					install
node-stream-each				install
node-stream-iterate				install
node-stream-shift				install
node-string-decoder				install
node-string-width				install
node-strip-ansi					install
node-strip-eof					install
node-strip-json-comments			install
node-supports-color				install
node-tar					install
node-term-size					install
node-text-table					install
node-through					install
node-through2					install
node-timed-out					install
node-tough-cookie				install
node-tunnel-agent				install
node-tweetnacl					install
node-typedarray					install
node-uid-number					install
node-unique-filename				install
node-unpipe					install
node-url-parse-lax				install
node-url-to-options				install
node-util-deprecate				install
node-uuid					install
node-validate-npm-package-license		install
node-validate-npm-package-name			install
node-verror					install
node-wcwidth.js					install
node-which					install
node-which-module				install
node-wide-align					install
node-widest-line				install
node-wrap-ansi					install
node-wrappy					install
node-write-file-atomic				install
node-xdg-basedir				install
node-xtend					install
node-y18n					install
node-yallist					install
node-yargs					install
node-yargs-parser				install
nodejs						install
nodejs-doc					install
nomacs						install
nomacs-l10n					install
notification-daemon				install
npm						install
ntfs-3g						install
obconf						install
obfs4proxy					install
obsession					install
ocl-icd-libopencl1:amd64			install
ocl-icd-libopencl1:i386				install
openbox						install
openbox-lxde-session				install
openjade					install
openprinting-ppds				install
openssh-client					install
openssl						install
orca						install
os-prober					install
osinfo-db					install
p11-kit						install
p11-kit-modules:amd64				install
p7zip						install
p7zip-full					install
packagekit					install
packagekit-tools				install
parted						install
passwd						install
patch						install
pavucontrol					install
pciutils					install
pcmanfm						install
perl						install
perl-base					install
perl-modules-5.28				install
perl-openssl-defaults:amd64			install
pfb2t1c2pfb					install
pgdg-keyring					install
pinentry-gnome3					install
pkg-config					install
playonlinux					install
plymouth					install
plymouth-label					install
policykit-1					install
policykit-1-gnome				install
poppler-data					install
poppler-utils					install
postfix						install
postgresql					install
postgresql-11					install
postgresql-13					install
postgresql-client-11				install
postgresql-client-13				install
postgresql-client-common			install
postgresql-common				install
postgresql-contrib				install
powermgmt-base					install
powertop					install
ppp						install
prerex						install
preview-latex-style				install
printer-driver-all				install
printer-driver-brlaser				install
printer-driver-c2050				install
printer-driver-c2esp				install
printer-driver-cjet				install
printer-driver-dymo				install
printer-driver-escpr				install
printer-driver-foo2zjs				install
printer-driver-foo2zjs-common			install
printer-driver-fujixerox			install
printer-driver-gutenprint			install
printer-driver-hpcups				install
printer-driver-hpijs				install
printer-driver-m2300w				install
printer-driver-min12xxw				install
printer-driver-pnm2ppa				install
printer-driver-postscript-hp			install
printer-driver-ptouch				install
printer-driver-pxljr				install
printer-driver-sag-gdi				install
printer-driver-splix				install
procps						install
ps2eps						install
psmisc						install
pstoedit					install
psutils						install
publicsuffix					install
pulseaudio					install
pulseaudio-module-bluetooth			install
pulseaudio-utils				install
purifyeps					install
python						install
python-all					install
python-all-dev					install
python-apt-common				install
python-asn1crypto				install
python-bluez					install
python-cairo:amd64				install
python-cffi-backend				install
python-configparser				install
python-crypto					install
python-cryptography				install
python-dbus					install
python-dev					install
python-entrypoints				install
python-enum34					install
python-gi					install
python-gobject-2				install
python-gtk2					install
python-iniparse					install
python-ipaddress				install
python-keyring					install
python-keyrings.alt				install
python-libxml2					install
python-lzma					install
python-minimal					install
python-numpy					install
python-pip					install
python-pip-whl					install
python-pkg-resources				install
python-pycurl					install
python-pygments					deinstall
python-rpm					install
python-secretstorage				install
python-setuptools				install
python-six					install
python-sqlite					install
python-sqlitecachec				install
python-talloc:amd64				install
python-urlgrabber				install
python-wheel					install
python-wxgtk3.0					install
python-wxversion				install
python-xdg					install
python2						install
python2-dev					install
python2-minimal					install
python2.7					install
python2.7-dev					install
python2.7-minimal				install
python3						install
python3-apt					install
python3-brlapi:amd64				install
python3-cairo:amd64				install
python3-certifi					install
python3-chardet					install
python3-configobj				install
python3-cson					install
python3-cups					install
python3-cupshelpers				install
python3-dbus					install
python3-debconf					install
python3-debian					install
python3-debianbts				install
python3-distro					install
python3-distro-info				install
python3-distutils				install
python3-gi					install
python3-gi-cairo				install
python3-gst-1.0					install
python3-httplib2				install
python3-idna					install
python3-lib2to3					install
python3-louis					install
python3-mako					install
python3-markupsafe				install
python3-minimal					install
python3-numpy					install
python3-olefile					install
python3-pexpect					install
python3-pil:amd64				install
python3-pkg-resources				install
python3-psutil					install
python3-ptyprocess				install
python3-pyatspi					install
python3-pycurl					install
python3-pygments				install
python3-pyqt5					install
python3-pyqt5.qtsvg				install
python3-pysimplesoap				install
python3-renderpm:amd64				install
python3-reportbug				install
python3-reportlab				install
python3-reportlab-accel:amd64			install
python3-requests				install
python3-sip					install
python3-six					install
python3-smbc					install
python3-software-properties			install
python3-speechd					install
python3-speg					install
python3-uno					install
python3-urllib3					install
python3-venv					install
python3-xdg					install
python3.7					install
python3.7-minimal				install
python3.7-venv					install
qbittorrent					install
qt5-gtk-platformtheme:amd64			install
qt5-image-formats-plugins:amd64			install
qttranslations5-l10n				install
quadrapassel					install
rake						install
read-edid					install
readline-common					install
realmd						install
recordmydesktop					install
reportbug					install
rfkill						install
rhythmbox					install
rhythmbox-data					install
rhythmbox-plugin-cdrecorder			install
rhythmbox-plugins				install
rpcbind						install
rpm						install
rpm-common					install
rpm2cpio					install
rsyslog						install
rtkit						install
ruby						install
ruby-did-you-mean				install
ruby-minitest					install
ruby-net-telnet					install
ruby-power-assert				install
ruby-test-unit					install
ruby-xmlrpc					install
ruby2.5						install
rubygems-integration				install
rygel						install
rygel-playbin					install
rygel-tracker					install
samba-libs:amd64				install
sane-utils					install
screenfetch					install
scrot						install
seahorse					install
sed						install
sensible-utils					install
sgml-base					install
shared-mime-info				install
shotwell					install
shotwell-common					install
simple-scan					install
simplescreenrecorder				install
slack-desktop					install
snapd						install
software-properties-common			install
software-properties-gtk				install
sound-icons					install
sound-theme-freedesktop				install
sox						install
speech-dispatcher				install
speech-dispatcher-audio-plugins:amd64		install
speech-dispatcher-espeak-ng			install
spice-client-glib-usb-acl-helper		install
sqlite3						install
squashfs-tools					install
ssl-cert					install
stow						install
sublime-text					install
sudo						install
swell-foop					install
switcheroo-control				install
sysstat						install
system-config-printer-common			install
system-config-printer-udev			install
system-tools-backends				install
systemd						install
systemd-sysv					install
sysvinit-utils					install
t1utils						install
tali						install
tar						install
task-desktop					install
task-english					install
task-gnome-desktop				install
task-laptop					install
task-print-server				install
tasksel						install
tasksel-data					install
tcl						install
tcl8.6						install
teckit						install
telegram-desktop				install
telnet						install
terminator					install
tex-common					install
tex-gyre					install
texinfo						install
texlive-base					install
texlive-bibtex-extra				install
texlive-binaries				install
texlive-extra-utils				install
texlive-font-utils				install
texlive-fonts-extra				install
texlive-fonts-extra-doc				install
texlive-fonts-extra-links			install
texlive-fonts-recommended			install
texlive-fonts-recommended-doc			install
texlive-formats-extra				install
texlive-full					install
texlive-games					install
texlive-generic-recommended			install
texlive-humanities				install
texlive-humanities-doc				install
texlive-lang-arabic				install
texlive-lang-chinese				install
texlive-lang-cjk				install
texlive-lang-cyrillic				install
texlive-lang-czechslovak			install
texlive-lang-english				install
texlive-lang-european				install
texlive-lang-french				install
texlive-lang-german				install
texlive-lang-greek				install
texlive-lang-italian				install
texlive-lang-japanese				install
texlive-lang-korean				install
texlive-lang-other				install
texlive-lang-polish				install
texlive-lang-portuguese				install
texlive-lang-spanish				install
texlive-latex-base				install
texlive-latex-base-doc				install
texlive-latex-extra				install
texlive-latex-extra-doc				install
texlive-latex-recommended			install
texlive-latex-recommended-doc			install
texlive-luatex					install
texlive-metapost				install
texlive-metapost-doc				install
texlive-music					install
texlive-pictures				install
texlive-pictures-doc				install
texlive-plain-generic				install
texlive-pstricks				install
texlive-pstricks-doc				install
texlive-publishers				install
texlive-publishers-doc				install
texlive-science					install
texlive-science-doc				install
texlive-xetex					install
tipa						install
tix						install
tk						install
tk8.6						install
tlp						install
tlp-rdw						install
tor						install
tor-geoipdb					install
torsocks					install
totem						install
totem-common					install
totem-plugins					install
tpm2-abrmd					install
tpm2-tools					install
traceroute					install
tracker						install
tracker-extract					install
tracker-miner-fs				install
transmission-common				install
transmission-gtk				install
tree						install
tumbler						install
tumbler-common					install
tzdata						install
ucf						install
udev						install
udisks2						install
unar						install
unattended-upgrades				install
uno-libs3					install
unoconv						install
unzip						install
update-inetd					install
upower						install
ure						install
usb-modeswitch					install
usb-modeswitch-data				install
usb.ids						install
usbmuxd						install
usbutils					install
usermode					install
util-linux					install
util-linux-locales				install
uuid-dev:amd64					install
uuid-runtime					install
va-driver-all:amd64				install
va-driver-all:i386				install
vdpau-driver-all:amd64				install
vdpau-driver-all:i386				install
vim						install
vim-common					install
vim-gtk						install
vim-gui-common					install
vim-runtime					install
vim-tiny					install
vinagre						install
vino						install
virtualbox-6.1					install
vitetris					install
vlc						install
vlc-bin						install
vlc-data					install
vlc-l10n					install
vlc-plugin-base:amd64				install
vlc-plugin-notify:amd64				install
vlc-plugin-qt:amd64				install
vlc-plugin-samba:amd64				install
vlc-plugin-skins2:amd64				install
vlc-plugin-video-output:amd64			install
vlc-plugin-video-splitter:amd64			install
vlc-plugin-visualization:amd64			install
vprerex						install
wamerican					install
wget						install
whiptail					install
wine						install
wine-development				install
wine32:i386					install
wine32-development:i386				install
wine64						install
wine64-development				install
wireless-regdb					install
wireless-tools					install
wpasupplicant					install
x11-apps					install
x11-common					install
x11-session-utils				install
x11-utils					install
x11-xkb-utils					install
x11-xserver-utils				install
x11proto-core-dev				install
x11proto-dev					install
xarchiver					install
xauth						install
xbitmaps					install
xbrlapi						install
xclip						install
xdg-dbus-proxy					install
xdg-desktop-portal				install
xdg-desktop-portal-gtk				install
xdg-user-dirs					install
xdg-user-dirs-gtk				install
xdg-utils					install
xdotool						install
xfonts-100dpi					install
xfonts-75dpi					install
xfonts-base					install
xfonts-encodings				install
xfonts-scalable					install
xfonts-utils					install
xinit						install
xkb-data					install
xmms2-core					install
xmms2-plugin-alsa				install
xmms2-plugin-id3v2				install
xmms2-plugin-mad				install
xmms2-plugin-vorbis				install
xorg						install
xorg-docs-core					install
xorg-sgml-doctools				install
xscreensaver					install
xscreensaver-data				install
xserver-common					install
xserver-xephyr					install
xserver-xorg					install
xserver-xorg-core				install
xserver-xorg-input-all				install
xserver-xorg-input-libinput			install
xserver-xorg-legacy				install
xserver-xorg-video-all				install
xserver-xorg-video-amdgpu			install
xserver-xorg-video-ati				install
xserver-xorg-video-fbdev			install
xserver-xorg-video-intel			install
xserver-xorg-video-nouveau			install
xserver-xorg-video-qxl				install
xserver-xorg-video-radeon			install
xserver-xorg-video-vesa				install
xserver-xorg-video-vmware			install
xterm						install
xtrans-dev					install
xwayland					install
xxd						install
xz-utils					install
yarn						install
yelp						install
yelp-xsl					install
yum						install
yum-utils					install
zenity						install
zenity-common					install
zip						install
zlib1g:amd64					install
zlib1g:i386					install
zlib1g-dev:amd64				install
zoom						install
zsh						install
zsh-common					install
